<?xml version="1.0" encoding="UTF-8"?>
<testng-results skipped="0" failed="0" total="4" passed="4">
  <reporter-output>
  </reporter-output>
  <suite name="Default suite" duration-ms="3719" started-at="2018-04-16T19:51:07Z" finished-at="2018-04-16T19:51:11Z">
    <groups>
    </groups>
    <test name="Default test" duration-ms="3719" started-at="2018-04-16T19:51:07Z" finished-at="2018-04-16T19:51:11Z">
      <class name="RestAssuredGroup.RestAssuredArtifact.restAssuredTest">
        <test-method status="PASS" signature="getTest()[pri:0, instance:RestAssuredGroup.RestAssuredArtifact.restAssuredTest@66d33a]" name="getTest" duration-ms="2804" started-at="2018-04-17T01:21:07Z" finished-at="2018-04-17T01:21:10Z">
          <reporter-output>
          </reporter-output>
        </test-method> <!-- getTest -->
        <test-method status="PASS" signature="postTest()[pri:1, instance:RestAssuredGroup.RestAssuredArtifact.restAssuredTest@66d33a]" name="postTest" duration-ms="351" started-at="2018-04-17T01:21:10Z" finished-at="2018-04-17T01:21:10Z">
          <reporter-output>
          </reporter-output>
        </test-method> <!-- postTest -->
        <test-method status="PASS" signature="putTest()[pri:2, instance:RestAssuredGroup.RestAssuredArtifact.restAssuredTest@66d33a]" name="putTest" duration-ms="291" started-at="2018-04-17T01:21:10Z" finished-at="2018-04-17T01:21:11Z">
          <reporter-output>
          </reporter-output>
        </test-method> <!-- putTest -->
        <test-method status="PASS" signature="deleteTest()[pri:3, instance:RestAssuredGroup.RestAssuredArtifact.restAssuredTest@66d33a]" name="deleteTest" duration-ms="255" started-at="2018-04-17T01:21:11Z" finished-at="2018-04-17T01:21:11Z">
          <reporter-output>
          </reporter-output>
        </test-method> <!-- deleteTest -->
      </class> <!-- RestAssuredGroup.RestAssuredArtifact.restAssuredTest -->
    </test> <!-- Default test -->
  </suite> <!-- Default suite -->
</testng-results>
